<?xml version="1.0" encoding="UTF-8"?>
<testsuite xmlns:xsi="http://www.w3.org/2001/XMLSchema-instance" xsi:noNamespaceSchemaLocation="https://maven.apache.org/surefire/maven-failsafe-plugin/xsd/failsafe-test-report.xsd" name="com.SerenityApiDemo.junit.employeeInfo.SerenityBaseFileResponseTest" time="3.655" tests="1" errors="1" skipped="0" failures="0">
  <properties>
    <property name="sun.desktop" value="windows"/>
    <property name="awt.toolkit" value="sun.awt.windows.WToolkit"/>
    <property name="file.encoding.pkg" value="sun.io"/>
    <property name="java.specification.version" value="1.8"/>
    <property name="sun.cpu.isalist" value="amd64"/>
    <property name="sun.jnu.encoding" value="Cp1252"/>
    <property name="java.class.path" value="C:\Users\ivc17247adm\Documents\Documentation shared\SerenityApiDemo (2)\SerenityApiDemo\SerenityApiDemo\target\test-classes;C:\Users\ivc17247adm\Documents\Documentation shared\SerenityApiDemo (2)\SerenityApiDemo\SerenityApiDemo\target\SerenityApiDemo-0.0.1-SNAPSHOT.jar;C:\Users\ivc17247adm\.m2\repository\ch\qos\logback\logback-classic\1.2.3\logback-classic-1.2.3.jar;C:\Users\ivc17247adm\.m2\repository\ch\qos\logback\logback-core\1.2.3\logback-core-1.2.3.jar;C:\Users\ivc17247adm\.m2\repository\org\slf4j\slf4j-api\1.7.25\slf4j-api-1.7.25.jar;C:\Users\ivc17247adm\.m2\repository\com\flipkart\zjsonpatch\zjsonpatch\0.4.9\zjsonpatch-0.4.9.jar;C:\Users\ivc17247adm\.m2\repository\com\fasterxml\jackson\core\jackson-databind\2.9.8\jackson-databind-2.9.8.jar;C:\Users\ivc17247adm\.m2\repository\com\fasterxml\jackson\core\jackson-annotations\2.9.0\jackson-annotations-2.9.0.jar;C:\Users\ivc17247adm\.m2\repository\com\fasterxml\jackson\core\jackson-core\2.9.8\jackson-core-2.9.8.jar;C:\Users\ivc17247adm\.m2\repository\org\apache\commons\commons-collections4\4.2\commons-collections4-4.2.jar;C:\Users\ivc17247adm\.m2\repository\net\serenity-bdd\serenity-core\2.0.49\serenity-core-2.0.49.jar;C:\Users\ivc17247adm\.m2\repository\net\bytebuddy\byte-buddy\1.9.12\byte-buddy-1.9.12.jar;C:\Users\ivc17247adm\.m2\repository\net\bytebuddy\byte-buddy-agent\1.9.12\byte-buddy-agent-1.9.12.jar;C:\Users\ivc17247adm\.m2\repository\com\google\guava\guava\25.0-jre\guava-25.0-jre.jar;C:\Users\ivc17247adm\.m2\repository\com\google\code\findbugs\jsr305\1.3.9\jsr305-1.3.9.jar;C:\Users\ivc17247adm\.m2\repository\org\checkerframework\checker-compat-qual\2.0.0\checker-compat-qual-2.0.0.jar;C:\Users\ivc17247adm\.m2\repository\com\google\errorprone\error_prone_annotations\2.1.3\error_prone_annotations-2.1.3.jar;C:\Users\ivc17247adm\.m2\repository\com\google\j2objc\j2objc-annotations\1.1\j2objc-annotations-1.1.jar;C:\Users\ivc17247adm\.m2\repository\org\codehaus\mojo\animal-sniffer-annotations\1.14\animal-sniffer-annotations-1.14.jar;C:\Users\ivc17247adm\.m2\repository\com\google\inject\guice\4.2.2\guice-4.2.2.jar;C:\Users\ivc17247adm\.m2\repository\javax\inject\javax.inject\1\javax.inject-1.jar;C:\Users\ivc17247adm\.m2\repository\aopalliance\aopalliance\1.0\aopalliance-1.0.jar;C:\Users\ivc17247adm\.m2\repository\cglib\cglib\3.2.5\cglib-3.2.5.jar;C:\Users\ivc17247adm\.m2\repository\org\ow2\asm\asm\5.0.3\asm-5.0.3.jar;C:\Users\ivc17247adm\.m2\repository\commons-codec\commons-codec\1.10\commons-codec-1.10.jar;C:\Users\ivc17247adm\.m2\repository\org\objenesis\objenesis\2.6\objenesis-2.6.jar;C:\Users\ivc17247adm\.m2\repository\xml-apis\xml-apis\1.4.01\xml-apis-1.4.01.jar;C:\Users\ivc17247adm\.m2\repository\commons-logging\commons-logging\1.2\commons-logging-1.2.jar;C:\Users\ivc17247adm\.m2\repository\io\vavr\vavr\0.9.0\vavr-0.9.0.jar;C:\Users\ivc17247adm\.m2\repository\io\vavr\vavr-match\0.9.0\vavr-match-0.9.0.jar;C:\Users\ivc17247adm\.m2\repository\javax\xml\bind\jaxb-api\2.2.12\jaxb-api-2.2.12.jar;C:\Users\ivc17247adm\.m2\repository\com\sun\xml\bind\jaxb-core\2.3.0.1\jaxb-core-2.3.0.1.jar;C:\Users\ivc17247adm\.m2\repository\com\sun\xml\bind\jaxb-impl\2.3.0.1\jaxb-impl-2.3.0.1.jar;C:\Users\ivc17247adm\.m2\repository\javax\activation\activation\1.1.1\activation-1.1.1.jar;C:\Users\ivc17247adm\.m2\repository\org\mockito\mockito-core\2.25.0\mockito-core-2.25.0.jar;C:\Users\ivc17247adm\.m2\repository\net\serenity-bdd\serenity-report-resources\2.0.49\serenity-report-resources-2.0.49.jar;C:\Users\ivc17247adm\.m2\repository\net\serenity-bdd\serenity-model\2.0.49\serenity-model-2.0.49.jar;C:\Users\ivc17247adm\.m2\repository\commons-net\commons-net\3.6\commons-net-3.6.jar;C:\Users\ivc17247adm\.m2\repository\org\apache\commons\commons-text\1.6\commons-text-1.6.jar;C:\Users\ivc17247adm\.m2\repository\net\serenity-bdd\serenity-reports\2.0.49\serenity-reports-2.0.49.jar;C:\Users\ivc17247adm\.m2\repository\net\serenity-bdd\serenity-stats\2.0.49\serenity-stats-2.0.49.jar;C:\Users\ivc17247adm\.m2\repository\org\jetbrains\kotlin\kotlin-stdlib\1.3.31\kotlin-stdlib-1.3.31.jar;C:\Users\ivc17247adm\.m2\repository\org\jetbrains\kotlin\kotlin-stdlib-common\1.3.31\kotlin-stdlib-common-1.3.31.jar;C:\Users\ivc17247adm\.m2\repository\org\jetbrains\annotations\13.0\annotations-13.0.jar;C:\Users\ivc17247adm\.m2\repository\com\google\code\gson\gson\2.8.4\gson-2.8.4.jar;C:\Users\ivc17247adm\.m2\repository\commons-io\commons-io\2.6\commons-io-2.6.jar;C:\Users\ivc17247adm\.m2\repository\org\seleniumhq\selenium\selenium-server\3.141.59\selenium-server-3.141.59.jar;C:\Users\ivc17247adm\.m2\repository\org\seleniumhq\selenium\selenium-firefox-driver\3.141.59\selenium-firefox-driver-3.141.59.jar;C:\Users\ivc17247adm\.m2\repository\org\seleniumhq\selenium\selenium-ie-driver\3.141.59\selenium-ie-driver-3.141.59.jar;C:\Users\ivc17247adm\.m2\repository\com\beust\jcommander\1.72\jcommander-1.72.jar;C:\Users\ivc17247adm\.m2\repository\org\apache\commons\commons-exec\1.3\commons-exec-1.3.jar;C:\Users\ivc17247adm\.m2\repository\net\jcip\jcip-annotations\1.0\jcip-annotations-1.0.jar;C:\Users\ivc17247adm\.m2\repository\org\seleniumhq\selenium\jetty-repacked\9.4.12.v20180830\jetty-repacked-9.4.12.v20180830.jar;C:\Users\ivc17247adm\.m2\repository\com\squareup\okhttp3\okhttp\3.11.0\okhttp-3.11.0.jar;C:\Users\ivc17247adm\.m2\repository\com\squareup\okio\okio\1.14.0\okio-1.14.0.jar;C:\Users\ivc17247adm\.m2\repository\javax\servlet\javax.servlet-api\3.1.0\javax.servlet-api-3.1.0.jar;C:\Users\ivc17247adm\.m2\repository\org\yaml\snakeyaml\1.19\snakeyaml-1.19.jar;C:\Users\ivc17247adm\.m2\repository\org\seleniumhq\selenium\selenium-java\3.141.59\selenium-java-3.141.59.jar;C:\Users\ivc17247adm\.m2\repository\org\seleniumhq\selenium\selenium-api\3.141.59\selenium-api-3.141.59.jar;C:\Users\ivc17247adm\.m2\repository\org\seleniumhq\selenium\selenium-chrome-driver\3.141.59\selenium-chrome-driver-3.141.59.jar;C:\Users\ivc17247adm\.m2\repository\org\seleniumhq\selenium\selenium-edge-driver\3.141.59\selenium-edge-driver-3.141.59.jar;C:\Users\ivc17247adm\.m2\repository\org\seleniumhq\selenium\selenium-remote-driver\3.141.59\selenium-remote-driver-3.141.59.jar;C:\Users\ivc17247adm\.m2\repository\org\seleniumhq\selenium\selenium-safari-driver\3.141.59\selenium-safari-driver-3.141.59.jar;C:\Users\ivc17247adm\.m2\repository\org\seleniumhq\selenium\selenium-opera-driver\3.141.59\selenium-opera-driver-3.141.59.jar;C:\Users\ivc17247adm\.m2\repository\org\seleniumhq\selenium\selenium-support\3.141.59\selenium-support-3.141.59.jar;C:\Users\ivc17247adm\.m2\repository\com\paulhammant\ngwebdriver\1.1.4\ngwebdriver-1.1.4.jar;C:\Users\ivc17247adm\.m2\repository\com\codeborne\phantomjsdriver\1.4.4\phantomjsdriver-1.4.4.jar;C:\Users\ivc17247adm\.m2\repository\org\eclipse\jetty\jetty-util\9.4.8.v20171121\jetty-util-9.4.8.v20171121.jar;C:\Users\ivc17247adm\.m2\repository\org\eclipse\jetty\jetty-io\9.4.8.v20171121\jetty-io-9.4.8.v20171121.jar;C:\Users\ivc17247adm\.m2\repository\org\seleniumhq\selenium\htmlunit-driver\2.33.1\htmlunit-driver-2.33.1.jar;C:\Users\ivc17247adm\.m2\repository\io\appium\java-client\7.0.0\java-client-7.0.0.jar;C:\Users\ivc17247adm\.m2\repository\commons-validator\commons-validator\1.6\commons-validator-1.6.jar;C:\Users\ivc17247adm\.m2\repository\commons-beanutils\commons-beanutils\1.9.2\commons-beanutils-1.9.2.jar;C:\Users\ivc17247adm\.m2\repository\commons-digester\commons-digester\1.8.1\commons-digester-1.8.1.jar;C:\Users\ivc17247adm\.m2\repository\org\aspectj\aspectjweaver\1.9.1\aspectjweaver-1.9.1.jar;C:\Users\ivc17247adm\.m2\repository\org\springframework\spring-context-support\5.1.2.RELEASE\spring-context-support-5.1.2.RELEASE.jar;C:\Users\ivc17247adm\.m2\repository\org\springframework\spring-beans\5.1.2.RELEASE\spring-beans-5.1.2.RELEASE.jar;C:\Users\ivc17247adm\.m2\repository\org\springframework\spring-context\5.1.2.RELEASE\spring-context-5.1.2.RELEASE.jar;C:\Users\ivc17247adm\.m2\repository\org\springframework\spring-aop\5.1.2.RELEASE\spring-aop-5.1.2.RELEASE.jar;C:\Users\ivc17247adm\.m2\repository\org\springframework\spring-expression\5.1.2.RELEASE\spring-expression-5.1.2.RELEASE.jar;C:\Users\ivc17247adm\.m2\repository\org\springframework\spring-core\5.1.2.RELEASE\spring-core-5.1.2.RELEASE.jar;C:\Users\ivc17247adm\.m2\repository\org\springframework\spring-jcl\5.1.2.RELEASE\spring-jcl-5.1.2.RELEASE.jar;C:\Users\ivc17247adm\.m2\repository\org\glassfish\tyrus\tyrus-core\1.13.1\tyrus-core-1.13.1.jar;C:\Users\ivc17247adm\.m2\repository\org\glassfish\tyrus\tyrus-spi\1.13.1\tyrus-spi-1.13.1.jar;C:\Users\ivc17247adm\.m2\repository\javax\websocket\javax.websocket-api\1.1\javax.websocket-api-1.1.jar;C:\Users\ivc17247adm\.m2\repository\org\codehaus\groovy\groovy\2.5.5\groovy-2.5.5.jar;C:\Users\ivc17247adm\.m2\repository\net\sf\opencsv\opencsv\2.0\opencsv-2.0.jar;C:\Users\ivc17247adm\.m2\repository\commons-beanutils\commons-beanutils-core\1.8.3\commons-beanutils-core-1.8.3.jar;C:\Users\ivc17247adm\.m2\repository\joda-time\joda-time\2.7\joda-time-2.7.jar;C:\Users\ivc17247adm\.m2\repository\com\thoughtworks\xstream\xstream\1.4.9\xstream-1.4.9.jar;C:\Users\ivc17247adm\.m2\repository\xmlpull\xmlpull\1.1.3.1\xmlpull-1.1.3.1.jar;C:\Users\ivc17247adm\.m2\repository\xpp3\xpp3_min\1.1.4c\xpp3_min-1.1.4c.jar;C:\Users\ivc17247adm\.m2\repository\org\apache\commons\commons-lang3\3.8.1\commons-lang3-3.8.1.jar;C:\Users\ivc17247adm\.m2\repository\commons-collections\commons-collections\3.2.2\commons-collections-3.2.2.jar;C:\Users\ivc17247adm\.m2\repository\org\freemarker\freemarker\2.3.28\freemarker-2.3.28.jar;C:\Users\ivc17247adm\.m2\repository\net\sourceforge\jexcelapi\jxl\2.6.12\jxl-2.6.12.jar;C:\Users\ivc17247adm\.m2\repository\org\hamcrest\hamcrest-core\1.3\hamcrest-core-1.3.jar;C:\Users\ivc17247adm\.m2\repository\org\hamcrest\hamcrest-library\1.3\hamcrest-library-1.3.jar;C:\Users\ivc17247adm\.m2\repository\net\sourceforge\htmlunit\htmlunit\2.33\htmlunit-2.33.jar;C:\Users\ivc17247adm\.m2\repository\net\sourceforge\htmlunit\htmlunit-core-js\2.33\htmlunit-core-js-2.33.jar;C:\Users\ivc17247adm\.m2\repository\net\sourceforge\htmlunit\neko-htmlunit\2.33\neko-htmlunit-2.33.jar;C:\Users\ivc17247adm\.m2\repository\xerces\xercesImpl\2.12.0\xercesImpl-2.12.0.jar;C:\Users\ivc17247adm\.m2\repository\net\sourceforge\htmlunit\htmlunit-cssparser\1.2.0\htmlunit-cssparser-1.2.0.jar;C:\Users\ivc17247adm\.m2\repository\org\eclipse\jetty\websocket\websocket-client\9.4.12.v20180830\websocket-client-9.4.12.v20180830.jar;C:\Users\ivc17247adm\.m2\repository\org\eclipse\jetty\jetty-client\9.4.12.v20180830\jetty-client-9.4.12.v20180830.jar;C:\Users\ivc17247adm\.m2\repository\org\eclipse\jetty\jetty-http\9.4.12.v20180830\jetty-http-9.4.12.v20180830.jar;C:\Users\ivc17247adm\.m2\repository\org\eclipse\jetty\jetty-xml\9.4.12.v20180830\jetty-xml-9.4.12.v20180830.jar;C:\Users\ivc17247adm\.m2\repository\org\eclipse\jetty\websocket\websocket-common\9.4.12.v20180830\websocket-common-9.4.12.v20180830.jar;C:\Users\ivc17247adm\.m2\repository\org\eclipse\jetty\websocket\websocket-api\9.4.12.v20180830\websocket-api-9.4.12.v20180830.jar;C:\Users\ivc17247adm\.m2\repository\org\apache\httpcomponents\httpclient\4.5.5\httpclient-4.5.5.jar;C:\Users\ivc17247adm\.m2\repository\org\apache\httpcomponents\httpcore\4.4.9\httpcore-4.4.9.jar;C:\Users\ivc17247adm\.m2\repository\org\apache\httpcomponents\httpmime\4.5.5\httpmime-4.5.5.jar;C:\Users\ivc17247adm\.m2\repository\org\fluentlenium\fluentlenium-core\0.10.2\fluentlenium-core-0.10.2.jar;C:\Users\ivc17247adm\.m2\repository\com\jhlabs\filters\2.0.235\filters-2.0.235.jar;C:\Users\ivc17247adm\.m2\repository\org\asciidoctor\asciidoctorj\1.5.6\asciidoctorj-1.5.6.jar;C:\Users\ivc17247adm\.m2\repository\org\jruby\jruby-complete\1.7.26\jruby-complete-1.7.26.jar;C:\Users\ivc17247adm\.m2\repository\org\imgscalr\imgscalr-lib\4.2\imgscalr-lib-4.2.jar;C:\Users\ivc17247adm\.m2\repository\javax\el\javax.el-api\2.2.4\javax.el-api-2.2.4.jar;C:\Users\ivc17247adm\.m2\repository\org\glassfish\web\javax.el\2.2.4\javax.el-2.2.4.jar;C:\Users\ivc17247adm\.m2\repository\xalan\xalan\2.7.2\xalan-2.7.2.jar;C:\Users\ivc17247adm\.m2\repository\xalan\serializer\2.7.2\serializer-2.7.2.jar;C:\Users\ivc17247adm\.m2\repository\org\awaitility\awaitility\3.1.0\awaitility-3.1.0.jar;C:\Users\ivc17247adm\.m2\repository\com\typesafe\config\1.3.1\config-1.3.1.jar;C:\Users\ivc17247adm\.m2\repository\org\jsoup\jsoup\1.10.3\jsoup-1.10.3.jar;C:\Users\ivc17247adm\.m2\repository\com\google\jimfs\jimfs\1.1\jimfs-1.1.jar;C:\Users\ivc17247adm\.m2\repository\es\nitaur\markdown\txtmark\0.16\txtmark-0.16.jar;C:\Users\ivc17247adm\.m2\repository\com\vladsch\flexmark\flexmark-all\0.34.30\flexmark-all-0.34.30.jar;C:\Users\ivc17247adm\.m2\repository\com\vladsch\flexmark\flexmark\0.34.30\flexmark-0.34.30.jar;C:\Users\ivc17247adm\.m2\repository\com\vladsch\flexmark\flexmark-ext-abbreviation\0.34.30\flexmark-ext-abbreviation-0.34.30.jar;C:\Users\ivc17247adm\.m2\repository\com\vladsch\flexmark\flexmark-ext-admonition\0.34.30\flexmark-ext-admonition-0.34.30.jar;C:\Users\ivc17247adm\.m2\repository\com\vladsch\flexmark\flexmark-ext-anchorlink\0.34.30\flexmark-ext-anchorlink-0.34.30.jar;C:\Users\ivc17247adm\.m2\repository\com\vladsch\flexmark\flexmark-ext-aside\0.34.30\flexmark-ext-aside-0.34.30.jar;C:\Users\ivc17247adm\.m2\repository\com\vladsch\flexmark\flexmark-ext-attributes\0.34.30\flexmark-ext-attributes-0.34.30.jar;C:\Users\ivc17247adm\.m2\repository\com\vladsch\flexmark\flexmark-ext-autolink\0.34.30\flexmark-ext-autolink-0.34.30.jar;C:\Users\ivc17247adm\.m2\repository\org\nibor\autolink\autolink\0.6.0\autolink-0.6.0.jar;C:\Users\ivc17247adm\.m2\repository\com\vladsch\flexmark\flexmark-ext-definition\0.34.30\flexmark-ext-definition-0.34.30.jar;C:\Users\ivc17247adm\.m2\repository\com\vladsch\flexmark\flexmark-ext-emoji\0.34.30\flexmark-ext-emoji-0.34.30.jar;C:\Users\ivc17247adm\.m2\repository\com\vladsch\flexmark\flexmark-ext-enumerated-reference\0.34.30\flexmark-ext-enumerated-reference-0.34.30.jar;C:\Users\ivc17247adm\.m2\repository\com\vladsch\flexmark\flexmark-ext-escaped-character\0.34.30\flexmark-ext-escaped-character-0.34.30.jar;C:\Users\ivc17247adm\.m2\repository\com\vladsch\flexmark\flexmark-ext-footnotes\0.34.30\flexmark-ext-footnotes-0.34.30.jar;C:\Users\ivc17247adm\.m2\repository\com\vladsch\flexmark\flexmark-ext-gfm-issues\0.34.30\flexmark-ext-gfm-issues-0.34.30.jar;C:\Users\ivc17247adm\.m2\repository\com\vladsch\flexmark\flexmark-ext-gfm-strikethrough\0.34.30\flexmark-ext-gfm-strikethrough-0.34.30.jar;C:\Users\ivc17247adm\.m2\repository\com\vladsch\flexmark\flexmark-ext-gfm-tables\0.34.30\flexmark-ext-gfm-tables-0.34.30.jar;C:\Users\ivc17247adm\.m2\repository\com\vladsch\flexmark\flexmark-ext-gfm-tasklist\0.34.30\flexmark-ext-gfm-tasklist-0.34.30.jar;C:\Users\ivc17247adm\.m2\repository\com\vladsch\flexmark\flexmark-ext-gfm-users\0.34.30\flexmark-ext-gfm-users-0.34.30.jar;C:\Users\ivc17247adm\.m2\repository\com\vladsch\flexmark\flexmark-ext-gitlab\0.34.30\flexmark-ext-gitlab-0.34.30.jar;C:\Users\ivc17247adm\.m2\repository\com\vladsch\flexmark\flexmark-ext-jekyll-front-matter\0.34.30\flexmark-ext-jekyll-front-matter-0.34.30.jar;C:\Users\ivc17247adm\.m2\repository\com\vladsch\flexmark\flexmark-ext-jekyll-tag\0.34.30\flexmark-ext-jekyll-tag-0.34.30.jar;C:\Users\ivc17247adm\.m2\repository\com\vladsch\flexmark\flexmark-ext-media-tags\0.34.30\flexmark-ext-media-tags-0.34.30.jar;C:\Users\ivc17247adm\.m2\repository\com\vladsch\flexmark\flexmark-test-util\0.34.30\flexmark-test-util-0.34.30.jar;C:\Users\ivc17247adm\.m2\repository\com\vladsch\flexmark\flexmark-ext-ins\0.34.30\flexmark-ext-ins-0.34.30.jar;C:\Users\ivc17247adm\.m2\repository\com\vladsch\flexmark\flexmark-ext-xwiki-macros\0.34.30\flexmark-ext-xwiki-macros-0.34.30.jar;C:\Users\ivc17247adm\.m2\repository\com\vladsch\flexmark\flexmark-ext-superscript\0.34.30\flexmark-ext-superscript-0.34.30.jar;C:\Users\ivc17247adm\.m2\repository\com\vladsch\flexmark\flexmark-ext-tables\0.34.30\flexmark-ext-tables-0.34.30.jar;C:\Users\ivc17247adm\.m2\repository\com\vladsch\flexmark\flexmark-ext-toc\0.34.30\flexmark-ext-toc-0.34.30.jar;C:\Users\ivc17247adm\.m2\repository\com\vladsch\flexmark\flexmark-ext-typographic\0.34.30\flexmark-ext-typographic-0.34.30.jar;C:\Users\ivc17247adm\.m2\repository\com\vladsch\flexmark\flexmark-ext-wikilink\0.34.30\flexmark-ext-wikilink-0.34.30.jar;C:\Users\ivc17247adm\.m2\repository\com\vladsch\flexmark\flexmark-ext-yaml-front-matter\0.34.30\flexmark-ext-yaml-front-matter-0.34.30.jar;C:\Users\ivc17247adm\.m2\repository\com\vladsch\flexmark\flexmark-ext-youtube-embedded\0.34.30\flexmark-ext-youtube-embedded-0.34.30.jar;C:\Users\ivc17247adm\.m2\repository\com\vladsch\flexmark\flexmark-formatter\0.34.30\flexmark-formatter-0.34.30.jar;C:\Users\ivc17247adm\.m2\repository\com\vladsch\flexmark\flexmark-html-parser\0.34.30\flexmark-html-parser-0.34.30.jar;C:\Users\ivc17247adm\.m2\repository\com\vladsch\flexmark\flexmark-jira-converter\0.34.30\flexmark-jira-converter-0.34.30.jar;C:\Users\ivc17247adm\.m2\repository\com\vladsch\flexmark\flexmark-pdf-converter\0.34.30\flexmark-pdf-converter-0.34.30.jar;C:\Users\ivc17247adm\.m2\repository\com\openhtmltopdf\openhtmltopdf-core\0.0.1-RC13\openhtmltopdf-core-0.0.1-RC13.jar;C:\Users\ivc17247adm\.m2\repository\com\openhtmltopdf\openhtmltopdf-pdfbox\0.0.1-RC13\openhtmltopdf-pdfbox-0.0.1-RC13.jar;C:\Users\ivc17247adm\.m2\repository\org\apache\pdfbox\pdfbox\2.0.8\pdfbox-2.0.8.jar;C:\Users\ivc17247adm\.m2\repository\org\apache\pdfbox\fontbox\2.0.8\fontbox-2.0.8.jar;C:\Users\ivc17247adm\.m2\repository\org\apache\pdfbox\xmpbox\2.0.8\xmpbox-2.0.8.jar;C:\Users\ivc17247adm\.m2\repository\de\rototor\pdfbox\graphics2d\0.12\graphics2d-0.12.jar;C:\Users\ivc17247adm\.m2\repository\com\openhtmltopdf\openhtmltopdf-rtl-support\0.0.1-RC13\openhtmltopdf-rtl-support-0.0.1-RC13.jar;C:\Users\ivc17247adm\.m2\repository\com\ibm\icu\icu4j\59.1\icu4j-59.1.jar;C:\Users\ivc17247adm\.m2\repository\com\openhtmltopdf\openhtmltopdf-jsoup-dom-converter\0.0.1-RC13\openhtmltopdf-jsoup-dom-converter-0.0.1-RC13.jar;C:\Users\ivc17247adm\.m2\repository\com\vladsch\flexmark\flexmark-profile-pegdown\0.34.30\flexmark-profile-pegdown-0.34.30.jar;C:\Users\ivc17247adm\.m2\repository\com\vladsch\flexmark\flexmark-util\0.34.30\flexmark-util-0.34.30.jar;C:\Users\ivc17247adm\.m2\repository\com\vladsch\flexmark\flexmark-youtrack-converter\0.34.30\flexmark-youtrack-converter-0.34.30.jar;C:\Users\ivc17247adm\.m2\repository\io\cucumber\cucumber-java\4.2.0\cucumber-java-4.2.0.jar;C:\Users\ivc17247adm\.m2\repository\io\cucumber\cucumber-core\4.2.0\cucumber-core-4.2.0.jar;C:\Users\ivc17247adm\.m2\repository\io\cucumber\cucumber-html\0.2.7\cucumber-html-0.2.7.jar;C:\Users\ivc17247adm\.m2\repository\io\cucumber\gherkin\5.1.0\gherkin-5.1.0.jar;C:\Users\ivc17247adm\.m2\repository\io\cucumber\tag-expressions\1.1.1\tag-expressions-1.1.1.jar;C:\Users\ivc17247adm\.m2\repository\io\cucumber\cucumber-expressions\6.2.0\cucumber-expressions-6.2.0.jar;C:\Users\ivc17247adm\.m2\repository\io\cucumber\datatable\1.1.7\datatable-1.1.7.jar;C:\Users\ivc17247adm\.m2\repository\io\cucumber\datatable-dependencies\1.1.7\datatable-dependencies-1.1.7.jar;C:\Users\ivc17247adm\.m2\repository\com\github\fslev\json-compare\1.1.0\json-compare-1.1.0.jar;C:\Users\ivc17247adm\.m2\repository\com\googlecode\json-simple\json-simple\1.1.1\json-simple-1.1.1.jar;C:\Users\ivc17247adm\.m2\repository\io\cucumber\cucumber-junit\4.2.0\cucumber-junit-4.2.0.jar;C:\Users\ivc17247adm\.m2\repository\net\serenity-bdd\serenity-junit\2.0.49\serenity-junit-2.0.49.jar;C:\Users\ivc17247adm\.m2\repository\net\serenity-bdd\serenity-rest-assured\2.0.49\serenity-rest-assured-2.0.49.jar;C:\Users\ivc17247adm\.m2\repository\io\rest-assured\rest-assured\3.3.0\rest-assured-3.3.0.jar;C:\Users\ivc17247adm\.m2\repository\org\ccil\cowan\tagsoup\tagsoup\1.2.1\tagsoup-1.2.1.jar;C:\Users\ivc17247adm\.m2\repository\io\rest-assured\json-path\3.3.0\json-path-3.3.0.jar;C:\Users\ivc17247adm\.m2\repository\io\rest-assured\rest-assured-common\3.3.0\rest-assured-common-3.3.0.jar;C:\Users\ivc17247adm\.m2\repository\io\rest-assured\xml-path\3.3.0\xml-path-3.3.0.jar;C:\Users\ivc17247adm\.m2\repository\com\sun\xml\bind\jaxb-osgi\2.2.10\jaxb-osgi-2.2.10.jar;C:\Users\ivc17247adm\.m2\repository\org\apache\sling\org.apache.sling.javax.activation\0.1.0\org.apache.sling.javax.activation-0.1.0.jar;C:\Users\ivc17247adm\.m2\repository\org\codehaus\groovy\groovy-xml\2.5.5\groovy-xml-2.5.5.jar;C:\Users\ivc17247adm\.m2\repository\org\codehaus\groovy\groovy-json\2.5.5\groovy-json-2.5.5.jar;C:\Users\ivc17247adm\.m2\repository\net\serenity-bdd\serenity-cucumber4\1.0.12\serenity-cucumber4-1.0.12.jar;C:\Users\ivc17247adm\.m2\repository\net\serenity-bdd\serenity-screenplay\2.0.48\serenity-screenplay-2.0.48.jar;C:\Users\ivc17247adm\.m2\repository\uk\com\robust-it\cloning\1.9.10\cloning-1.9.10.jar;C:\Users\ivc17247adm\.m2\repository\net\serenity-bdd\serenity-screenplay-webdriver\2.0.48\serenity-screenplay-webdriver-2.0.48.jar;C:\Users\ivc17247adm\.m2\repository\io\cucumber\datatable-matchers\1.1.7\datatable-matchers-1.1.7.jar;C:\Users\ivc17247adm\.m2\repository\org\apache\commons\commons-csv\1.5\commons-csv-1.5.jar;C:\Users\ivc17247adm\.m2\repository\net\serenity-bdd\serenity-cucumber\1.0.2\serenity-cucumber-1.0.2.jar;C:\Users\ivc17247adm\.m2\repository\net\serenity-bdd\core\1.0.6\core-1.0.6.jar;C:\Users\ivc17247adm\.m2\repository\com\fasterxml\jackson\datatype\jackson-datatype-joda\2.4.3\jackson-datatype-joda-2.4.3.jar;C:\Users\ivc17247adm\.m2\repository\com\fasterxml\jackson\datatype\jackson-datatype-guava\2.4.3\jackson-datatype-guava-2.4.3.jar;C:\Users\ivc17247adm\.m2\repository\com\opera\operadriver\1.5\operadriver-1.5.jar;C:\Users\ivc17247adm\.m2\repository\com\opera\operalaunchers\1.1\operalaunchers-1.1.jar;C:\Users\ivc17247adm\.m2\repository\com\google\protobuf\protobuf-java\2.4.1\protobuf-java-2.4.1.jar;C:\Users\ivc17247adm\.m2\repository\commons-jxpath\commons-jxpath\1.3\commons-jxpath-1.3.jar;C:\Users\ivc17247adm\.m2\repository\org\ini4j\ini4j\0.5.2\ini4j-0.5.2.jar;C:\Users\ivc17247adm\.m2\repository\com\github\detro\phantomjsdriver\1.2.0\phantomjsdriver-1.2.0.jar;C:\Users\ivc17247adm\.m2\repository\com\googlecode\lambdaj\lambdaj\2.3.3\lambdaj-2.3.3.jar;C:\Users\ivc17247adm\.m2\repository\net\sf\flexjson\flexjson\2.1\flexjson-2.1.jar;C:\Users\ivc17247adm\.m2\repository\asm\asm\3.3.1\asm-3.3.1.jar;C:\Users\ivc17247adm\.m2\repository\org\springframework\spring-test\3.2.3.RELEASE\spring-test-3.2.3.RELEASE.jar;C:\Users\ivc17247adm\.m2\repository\org\asciidoctor\asciidoctor-java-integration\0.1.3\asciidoctor-java-integration-0.1.3.jar;C:\Users\ivc17247adm\.m2\repository\org\hibernate\hibernate-validator\5.1.1.Final\hibernate-validator-5.1.1.Final.jar;C:\Users\ivc17247adm\.m2\repository\javax\validation\validation-api\1.1.0.Final\validation-api-1.1.0.Final.jar;C:\Users\ivc17247adm\.m2\repository\org\jboss\logging\jboss-logging\3.1.3.GA\jboss-logging-3.1.3.GA.jar;C:\Users\ivc17247adm\.m2\repository\com\fasterxml\classmate\1.0.0\classmate-1.0.0.jar;C:\Users\ivc17247adm\.m2\repository\info\cukes\cucumber-java\1.2.0\cucumber-java-1.2.0.jar;C:\Users\ivc17247adm\.m2\repository\info\cukes\cucumber-core\1.2.0\cucumber-core-1.2.0.jar;C:\Users\ivc17247adm\.m2\repository\info\cukes\cucumber-html\0.2.3\cucumber-html-0.2.3.jar;C:\Users\ivc17247adm\.m2\repository\info\cukes\cucumber-jvm-deps\1.0.3\cucumber-jvm-deps-1.0.3.jar;C:\Users\ivc17247adm\.m2\repository\info\cukes\gherkin\2.12.2\gherkin-2.12.2.jar;C:\Users\ivc17247adm\.m2\repository\info\cukes\cucumber-junit\1.2.0\cucumber-junit-1.2.0.jar;C:\Users\ivc17247adm\.m2\repository\org\reflections\reflections\0.9.8\reflections-0.9.8.jar;C:\Users\ivc17247adm\.m2\repository\javassist\javassist\3.12.1.GA\javassist-3.12.1.GA.jar;C:\Users\ivc17247adm\.m2\repository\dom4j\dom4j\1.6.1\dom4j-1.6.1.jar;C:\Users\ivc17247adm\.m2\repository\junit\junit\4.12\junit-4.12.jar;C:\Users\ivc17247adm\.m2\repository\org\assertj\assertj-core\3.6.2\assertj-core-3.6.2.jar;C:\Users\ivc17247adm\.m2\repository\org\hamcrest\hamcrest-all\1.3\hamcrest-all-1.3.jar;C:\Users\ivc17247adm\.m2\repository\org\skyscreamer\jsonassert\1.5.0\jsonassert-1.5.0.jar;C:\Users\ivc17247adm\.m2\repository\com\vaadin\external\google\android-json\0.0.20131108.vaadin1\android-json-0.0.20131108.vaadin1.jar;C:\Users\ivc17247adm\.m2\repository\org\projectlombok\lombok\1.16.16\lombok-1.16.16.jar;C:\Users\ivc17247adm\.m2\repository\com\github\kvnxiao\jsonequals\1.0.1\jsonequals-1.0.1.jar;C:\Users\ivc17247adm\.m2\repository\me\doubledutch\lazyjson\1.3.0\lazyjson-1.3.0.jar;"/>
    <property name="java.vm.vendor" value="Oracle Corporation"/>
    <property name="sun.arch.data.model" value="64"/>
    <property name="user.variant" value=""/>
    <property name="java.vendor.url" value="http://java.oracle.com/"/>
    <property name="user.timezone" value="America/Chicago"/>
    <property name="java.vm.specification.version" value="1.8"/>
    <property name="os.name" value="Windows 10"/>
    <property name="user.country" value="US"/>
    <property name="sun.java.launcher" value="SUN_STANDARD"/>
    <property name="sun.boot.library.path" value="C:\Program Files\Java\jdk1.8.0_231\jre\bin"/>
    <property name="sun.java.command" value="C:\Users\IVC172~1\AppData\Local\Temp\surefire3223585150809191600\surefirebooter5814235356130080399.jar C:\Users\ivc17247adm\AppData\Local\Temp\surefire3223585150809191600 2019-11-21T13-19-46_856-jvmRun1 surefire6682932010116208415tmp surefire_03343532476278128087tmp"/>
    <property name="surefire.test.class.path" value="C:\Users\ivc17247adm\Documents\Documentation shared\SerenityApiDemo (2)\SerenityApiDemo\SerenityApiDemo\target\test-classes;C:\Users\ivc17247adm\Documents\Documentation shared\SerenityApiDemo (2)\SerenityApiDemo\SerenityApiDemo\target\SerenityApiDemo-0.0.1-SNAPSHOT.jar;C:\Users\ivc17247adm\.m2\repository\ch\qos\logback\logback-classic\1.2.3\logback-classic-1.2.3.jar;C:\Users\ivc17247adm\.m2\repository\ch\qos\logback\logback-core\1.2.3\logback-core-1.2.3.jar;C:\Users\ivc17247adm\.m2\repository\org\slf4j\slf4j-api\1.7.25\slf4j-api-1.7.25.jar;C:\Users\ivc17247adm\.m2\repository\com\flipkart\zjsonpatch\zjsonpatch\0.4.9\zjsonpatch-0.4.9.jar;C:\Users\ivc17247adm\.m2\repository\com\fasterxml\jackson\core\jackson-databind\2.9.8\jackson-databind-2.9.8.jar;C:\Users\ivc17247adm\.m2\repository\com\fasterxml\jackson\core\jackson-annotations\2.9.0\jackson-annotations-2.9.0.jar;C:\Users\ivc17247adm\.m2\repository\com\fasterxml\jackson\core\jackson-core\2.9.8\jackson-core-2.9.8.jar;C:\Users\ivc17247adm\.m2\repository\org\apache\commons\commons-collections4\4.2\commons-collections4-4.2.jar;C:\Users\ivc17247adm\.m2\repository\net\serenity-bdd\serenity-core\2.0.49\serenity-core-2.0.49.jar;C:\Users\ivc17247adm\.m2\repository\net\bytebuddy\byte-buddy\1.9.12\byte-buddy-1.9.12.jar;C:\Users\ivc17247adm\.m2\repository\net\bytebuddy\byte-buddy-agent\1.9.12\byte-buddy-agent-1.9.12.jar;C:\Users\ivc17247adm\.m2\repository\com\google\guava\guava\25.0-jre\guava-25.0-jre.jar;C:\Users\ivc17247adm\.m2\repository\com\google\code\findbugs\jsr305\1.3.9\jsr305-1.3.9.jar;C:\Users\ivc17247adm\.m2\repository\org\checkerframework\checker-compat-qual\2.0.0\checker-compat-qual-2.0.0.jar;C:\Users\ivc17247adm\.m2\repository\com\google\errorprone\error_prone_annotations\2.1.3\error_prone_annotations-2.1.3.jar;C:\Users\ivc17247adm\.m2\repository\com\google\j2objc\j2objc-annotations\1.1\j2objc-annotations-1.1.jar;C:\Users\ivc17247adm\.m2\repository\org\codehaus\mojo\animal-sniffer-annotations\1.14\animal-sniffer-annotations-1.14.jar;C:\Users\ivc17247adm\.m2\repository\com\google\inject\guice\4.2.2\guice-4.2.2.jar;C:\Users\ivc17247adm\.m2\repository\javax\inject\javax.inject\1\javax.inject-1.jar;C:\Users\ivc17247adm\.m2\repository\aopalliance\aopalliance\1.0\aopalliance-1.0.jar;C:\Users\ivc17247adm\.m2\repository\cglib\cglib\3.2.5\cglib-3.2.5.jar;C:\Users\ivc17247adm\.m2\repository\org\ow2\asm\asm\5.0.3\asm-5.0.3.jar;C:\Users\ivc17247adm\.m2\repository\commons-codec\commons-codec\1.10\commons-codec-1.10.jar;C:\Users\ivc17247adm\.m2\repository\org\objenesis\objenesis\2.6\objenesis-2.6.jar;C:\Users\ivc17247adm\.m2\repository\xml-apis\xml-apis\1.4.01\xml-apis-1.4.01.jar;C:\Users\ivc17247adm\.m2\repository\commons-logging\commons-logging\1.2\commons-logging-1.2.jar;C:\Users\ivc17247adm\.m2\repository\io\vavr\vavr\0.9.0\vavr-0.9.0.jar;C:\Users\ivc17247adm\.m2\repository\io\vavr\vavr-match\0.9.0\vavr-match-0.9.0.jar;C:\Users\ivc17247adm\.m2\repository\javax\xml\bind\jaxb-api\2.2.12\jaxb-api-2.2.12.jar;C:\Users\ivc17247adm\.m2\repository\com\sun\xml\bind\jaxb-core\2.3.0.1\jaxb-core-2.3.0.1.jar;C:\Users\ivc17247adm\.m2\repository\com\sun\xml\bind\jaxb-impl\2.3.0.1\jaxb-impl-2.3.0.1.jar;C:\Users\ivc17247adm\.m2\repository\javax\activation\activation\1.1.1\activation-1.1.1.jar;C:\Users\ivc17247adm\.m2\repository\org\mockito\mockito-core\2.25.0\mockito-core-2.25.0.jar;C:\Users\ivc17247adm\.m2\repository\net\serenity-bdd\serenity-report-resources\2.0.49\serenity-report-resources-2.0.49.jar;C:\Users\ivc17247adm\.m2\repository\net\serenity-bdd\serenity-model\2.0.49\serenity-model-2.0.49.jar;C:\Users\ivc17247adm\.m2\repository\commons-net\commons-net\3.6\commons-net-3.6.jar;C:\Users\ivc17247adm\.m2\repository\org\apache\commons\commons-text\1.6\commons-text-1.6.jar;C:\Users\ivc17247adm\.m2\repository\net\serenity-bdd\serenity-reports\2.0.49\serenity-reports-2.0.49.jar;C:\Users\ivc17247adm\.m2\repository\net\serenity-bdd\serenity-stats\2.0.49\serenity-stats-2.0.49.jar;C:\Users\ivc17247adm\.m2\repository\org\jetbrains\kotlin\kotlin-stdlib\1.3.31\kotlin-stdlib-1.3.31.jar;C:\Users\ivc17247adm\.m2\repository\org\jetbrains\kotlin\kotlin-stdlib-common\1.3.31\kotlin-stdlib-common-1.3.31.jar;C:\Users\ivc17247adm\.m2\repository\org\jetbrains\annotations\13.0\annotations-13.0.jar;C:\Users\ivc17247adm\.m2\repository\com\google\code\gson\gson\2.8.4\gson-2.8.4.jar;C:\Users\ivc17247adm\.m2\repository\commons-io\commons-io\2.6\commons-io-2.6.jar;C:\Users\ivc17247adm\.m2\repository\org\seleniumhq\selenium\selenium-server\3.141.59\selenium-server-3.141.59.jar;C:\Users\ivc17247adm\.m2\repository\org\seleniumhq\selenium\selenium-firefox-driver\3.141.59\selenium-firefox-driver-3.141.59.jar;C:\Users\ivc17247adm\.m2\repository\org\seleniumhq\selenium\selenium-ie-driver\3.141.59\selenium-ie-driver-3.141.59.jar;C:\Users\ivc17247adm\.m2\repository\com\beust\jcommander\1.72\jcommander-1.72.jar;C:\Users\ivc17247adm\.m2\repository\org\apache\commons\commons-exec\1.3\commons-exec-1.3.jar;C:\Users\ivc17247adm\.m2\repository\net\jcip\jcip-annotations\1.0\jcip-annotations-1.0.jar;C:\Users\ivc17247adm\.m2\repository\org\seleniumhq\selenium\jetty-repacked\9.4.12.v20180830\jetty-repacked-9.4.12.v20180830.jar;C:\Users\ivc17247adm\.m2\repository\com\squareup\okhttp3\okhttp\3.11.0\okhttp-3.11.0.jar;C:\Users\ivc17247adm\.m2\repository\com\squareup\okio\okio\1.14.0\okio-1.14.0.jar;C:\Users\ivc17247adm\.m2\repository\javax\servlet\javax.servlet-api\3.1.0\javax.servlet-api-3.1.0.jar;C:\Users\ivc17247adm\.m2\repository\org\yaml\snakeyaml\1.19\snakeyaml-1.19.jar;C:\Users\ivc17247adm\.m2\repository\org\seleniumhq\selenium\selenium-java\3.141.59\selenium-java-3.141.59.jar;C:\Users\ivc17247adm\.m2\repository\org\seleniumhq\selenium\selenium-api\3.141.59\selenium-api-3.141.59.jar;C:\Users\ivc17247adm\.m2\repository\org\seleniumhq\selenium\selenium-chrome-driver\3.141.59\selenium-chrome-driver-3.141.59.jar;C:\Users\ivc17247adm\.m2\repository\org\seleniumhq\selenium\selenium-edge-driver\3.141.59\selenium-edge-driver-3.141.59.jar;C:\Users\ivc17247adm\.m2\repository\org\seleniumhq\selenium\selenium-remote-driver\3.141.59\selenium-remote-driver-3.141.59.jar;C:\Users\ivc17247adm\.m2\repository\org\seleniumhq\selenium\selenium-safari-driver\3.141.59\selenium-safari-driver-3.141.59.jar;C:\Users\ivc17247adm\.m2\repository\org\seleniumhq\selenium\selenium-opera-driver\3.141.59\selenium-opera-driver-3.141.59.jar;C:\Users\ivc17247adm\.m2\repository\org\seleniumhq\selenium\selenium-support\3.141.59\selenium-support-3.141.59.jar;C:\Users\ivc17247adm\.m2\repository\com\paulhammant\ngwebdriver\1.1.4\ngwebdriver-1.1.4.jar;C:\Users\ivc17247adm\.m2\repository\com\codeborne\phantomjsdriver\1.4.4\phantomjsdriver-1.4.4.jar;C:\Users\ivc17247adm\.m2\repository\org\eclipse\jetty\jetty-util\9.4.8.v20171121\jetty-util-9.4.8.v20171121.jar;C:\Users\ivc17247adm\.m2\repository\org\eclipse\jetty\jetty-io\9.4.8.v20171121\jetty-io-9.4.8.v20171121.jar;C:\Users\ivc17247adm\.m2\repository\org\seleniumhq\selenium\htmlunit-driver\2.33.1\htmlunit-driver-2.33.1.jar;C:\Users\ivc17247adm\.m2\repository\io\appium\java-client\7.0.0\java-client-7.0.0.jar;C:\Users\ivc17247adm\.m2\repository\commons-validator\commons-validator\1.6\commons-validator-1.6.jar;C:\Users\ivc17247adm\.m2\repository\commons-beanutils\commons-beanutils\1.9.2\commons-beanutils-1.9.2.jar;C:\Users\ivc17247adm\.m2\repository\commons-digester\commons-digester\1.8.1\commons-digester-1.8.1.jar;C:\Users\ivc17247adm\.m2\repository\org\aspectj\aspectjweaver\1.9.1\aspectjweaver-1.9.1.jar;C:\Users\ivc17247adm\.m2\repository\org\springframework\spring-context-support\5.1.2.RELEASE\spring-context-support-5.1.2.RELEASE.jar;C:\Users\ivc17247adm\.m2\repository\org\springframework\spring-beans\5.1.2.RELEASE\spring-beans-5.1.2.RELEASE.jar;C:\Users\ivc17247adm\.m2\repository\org\springframework\spring-context\5.1.2.RELEASE\spring-context-5.1.2.RELEASE.jar;C:\Users\ivc17247adm\.m2\repository\org\springframework\spring-aop\5.1.2.RELEASE\spring-aop-5.1.2.RELEASE.jar;C:\Users\ivc17247adm\.m2\repository\org\springframework\spring-expression\5.1.2.RELEASE\spring-expression-5.1.2.RELEASE.jar;C:\Users\ivc17247adm\.m2\repository\org\springframework\spring-core\5.1.2.RELEASE\spring-core-5.1.2.RELEASE.jar;C:\Users\ivc17247adm\.m2\repository\org\springframework\spring-jcl\5.1.2.RELEASE\spring-jcl-5.1.2.RELEASE.jar;C:\Users\ivc17247adm\.m2\repository\org\glassfish\tyrus\tyrus-core\1.13.1\tyrus-core-1.13.1.jar;C:\Users\ivc17247adm\.m2\repository\org\glassfish\tyrus\tyrus-spi\1.13.1\tyrus-spi-1.13.1.jar;C:\Users\ivc17247adm\.m2\repository\javax\websocket\javax.websocket-api\1.1\javax.websocket-api-1.1.jar;C:\Users\ivc17247adm\.m2\repository\org\codehaus\groovy\groovy\2.5.5\groovy-2.5.5.jar;C:\Users\ivc17247adm\.m2\repository\net\sf\opencsv\opencsv\2.0\opencsv-2.0.jar;C:\Users\ivc17247adm\.m2\repository\commons-beanutils\commons-beanutils-core\1.8.3\commons-beanutils-core-1.8.3.jar;C:\Users\ivc17247adm\.m2\repository\joda-time\joda-time\2.7\joda-time-2.7.jar;C:\Users\ivc17247adm\.m2\repository\com\thoughtworks\xstream\xstream\1.4.9\xstream-1.4.9.jar;C:\Users\ivc17247adm\.m2\repository\xmlpull\xmlpull\1.1.3.1\xmlpull-1.1.3.1.jar;C:\Users\ivc17247adm\.m2\repository\xpp3\xpp3_min\1.1.4c\xpp3_min-1.1.4c.jar;C:\Users\ivc17247adm\.m2\repository\org\apache\commons\commons-lang3\3.8.1\commons-lang3-3.8.1.jar;C:\Users\ivc17247adm\.m2\repository\commons-collections\commons-collections\3.2.2\commons-collections-3.2.2.jar;C:\Users\ivc17247adm\.m2\repository\org\freemarker\freemarker\2.3.28\freemarker-2.3.28.jar;C:\Users\ivc17247adm\.m2\repository\net\sourceforge\jexcelapi\jxl\2.6.12\jxl-2.6.12.jar;C:\Users\ivc17247adm\.m2\repository\org\hamcrest\hamcrest-core\1.3\hamcrest-core-1.3.jar;C:\Users\ivc17247adm\.m2\repository\org\hamcrest\hamcrest-library\1.3\hamcrest-library-1.3.jar;C:\Users\ivc17247adm\.m2\repository\net\sourceforge\htmlunit\htmlunit\2.33\htmlunit-2.33.jar;C:\Users\ivc17247adm\.m2\repository\net\sourceforge\htmlunit\htmlunit-core-js\2.33\htmlunit-core-js-2.33.jar;C:\Users\ivc17247adm\.m2\repository\net\sourceforge\htmlunit\neko-htmlunit\2.33\neko-htmlunit-2.33.jar;C:\Users\ivc17247adm\.m2\repository\xerces\xercesImpl\2.12.0\xercesImpl-2.12.0.jar;C:\Users\ivc17247adm\.m2\repository\net\sourceforge\htmlunit\htmlunit-cssparser\1.2.0\htmlunit-cssparser-1.2.0.jar;C:\Users\ivc17247adm\.m2\repository\org\eclipse\jetty\websocket\websocket-client\9.4.12.v20180830\websocket-client-9.4.12.v20180830.jar;C:\Users\ivc17247adm\.m2\repository\org\eclipse\jetty\jetty-client\9.4.12.v20180830\jetty-client-9.4.12.v20180830.jar;C:\Users\ivc17247adm\.m2\repository\org\eclipse\jetty\jetty-http\9.4.12.v20180830\jetty-http-9.4.12.v20180830.jar;C:\Users\ivc17247adm\.m2\repository\org\eclipse\jetty\jetty-xml\9.4.12.v20180830\jetty-xml-9.4.12.v20180830.jar;C:\Users\ivc17247adm\.m2\repository\org\eclipse\jetty\websocket\websocket-common\9.4.12.v20180830\websocket-common-9.4.12.v20180830.jar;C:\Users\ivc17247adm\.m2\repository\org\eclipse\jetty\websocket\websocket-api\9.4.12.v20180830\websocket-api-9.4.12.v20180830.jar;C:\Users\ivc17247adm\.m2\repository\org\apache\httpcomponents\httpclient\4.5.5\httpclient-4.5.5.jar;C:\Users\ivc17247adm\.m2\repository\org\apache\httpcomponents\httpcore\4.4.9\httpcore-4.4.9.jar;C:\Users\ivc17247adm\.m2\repository\org\apache\httpcomponents\httpmime\4.5.5\httpmime-4.5.5.jar;C:\Users\ivc17247adm\.m2\repository\org\fluentlenium\fluentlenium-core\0.10.2\fluentlenium-core-0.10.2.jar;C:\Users\ivc17247adm\.m2\repository\com\jhlabs\filters\2.0.235\filters-2.0.235.jar;C:\Users\ivc17247adm\.m2\repository\org\asciidoctor\asciidoctorj\1.5.6\asciidoctorj-1.5.6.jar;C:\Users\ivc17247adm\.m2\repository\org\jruby\jruby-complete\1.7.26\jruby-complete-1.7.26.jar;C:\Users\ivc17247adm\.m2\repository\org\imgscalr\imgscalr-lib\4.2\imgscalr-lib-4.2.jar;C:\Users\ivc17247adm\.m2\repository\javax\el\javax.el-api\2.2.4\javax.el-api-2.2.4.jar;C:\Users\ivc17247adm\.m2\repository\org\glassfish\web\javax.el\2.2.4\javax.el-2.2.4.jar;C:\Users\ivc17247adm\.m2\repository\xalan\xalan\2.7.2\xalan-2.7.2.jar;C:\Users\ivc17247adm\.m2\repository\xalan\serializer\2.7.2\serializer-2.7.2.jar;C:\Users\ivc17247adm\.m2\repository\org\awaitility\awaitility\3.1.0\awaitility-3.1.0.jar;C:\Users\ivc17247adm\.m2\repository\com\typesafe\config\1.3.1\config-1.3.1.jar;C:\Users\ivc17247adm\.m2\repository\org\jsoup\jsoup\1.10.3\jsoup-1.10.3.jar;C:\Users\ivc17247adm\.m2\repository\com\google\jimfs\jimfs\1.1\jimfs-1.1.jar;C:\Users\ivc17247adm\.m2\repository\es\nitaur\markdown\txtmark\0.16\txtmark-0.16.jar;C:\Users\ivc17247adm\.m2\repository\com\vladsch\flexmark\flexmark-all\0.34.30\flexmark-all-0.34.30.jar;C:\Users\ivc17247adm\.m2\repository\com\vladsch\flexmark\flexmark\0.34.30\flexmark-0.34.30.jar;C:\Users\ivc17247adm\.m2\repository\com\vladsch\flexmark\flexmark-ext-abbreviation\0.34.30\flexmark-ext-abbreviation-0.34.30.jar;C:\Users\ivc17247adm\.m2\repository\com\vladsch\flexmark\flexmark-ext-admonition\0.34.30\flexmark-ext-admonition-0.34.30.jar;C:\Users\ivc17247adm\.m2\repository\com\vladsch\flexmark\flexmark-ext-anchorlink\0.34.30\flexmark-ext-anchorlink-0.34.30.jar;C:\Users\ivc17247adm\.m2\repository\com\vladsch\flexmark\flexmark-ext-aside\0.34.30\flexmark-ext-aside-0.34.30.jar;C:\Users\ivc17247adm\.m2\repository\com\vladsch\flexmark\flexmark-ext-attributes\0.34.30\flexmark-ext-attributes-0.34.30.jar;C:\Users\ivc17247adm\.m2\repository\com\vladsch\flexmark\flexmark-ext-autolink\0.34.30\flexmark-ext-autolink-0.34.30.jar;C:\Users\ivc17247adm\.m2\repository\org\nibor\autolink\autolink\0.6.0\autolink-0.6.0.jar;C:\Users\ivc17247adm\.m2\repository\com\vladsch\flexmark\flexmark-ext-definition\0.34.30\flexmark-ext-definition-0.34.30.jar;C:\Users\ivc17247adm\.m2\repository\com\vladsch\flexmark\flexmark-ext-emoji\0.34.30\flexmark-ext-emoji-0.34.30.jar;C:\Users\ivc17247adm\.m2\repository\com\vladsch\flexmark\flexmark-ext-enumerated-reference\0.34.30\flexmark-ext-enumerated-reference-0.34.30.jar;C:\Users\ivc17247adm\.m2\repository\com\vladsch\flexmark\flexmark-ext-escaped-character\0.34.30\flexmark-ext-escaped-character-0.34.30.jar;C:\Users\ivc17247adm\.m2\repository\com\vladsch\flexmark\flexmark-ext-footnotes\0.34.30\flexmark-ext-footnotes-0.34.30.jar;C:\Users\ivc17247adm\.m2\repository\com\vladsch\flexmark\flexmark-ext-gfm-issues\0.34.30\flexmark-ext-gfm-issues-0.34.30.jar;C:\Users\ivc17247adm\.m2\repository\com\vladsch\flexmark\flexmark-ext-gfm-strikethrough\0.34.30\flexmark-ext-gfm-strikethrough-0.34.30.jar;C:\Users\ivc17247adm\.m2\repository\com\vladsch\flexmark\flexmark-ext-gfm-tables\0.34.30\flexmark-ext-gfm-tables-0.34.30.jar;C:\Users\ivc17247adm\.m2\repository\com\vladsch\flexmark\flexmark-ext-gfm-tasklist\0.34.30\flexmark-ext-gfm-tasklist-0.34.30.jar;C:\Users\ivc17247adm\.m2\repository\com\vladsch\flexmark\flexmark-ext-gfm-users\0.34.30\flexmark-ext-gfm-users-0.34.30.jar;C:\Users\ivc17247adm\.m2\repository\com\vladsch\flexmark\flexmark-ext-gitlab\0.34.30\flexmark-ext-gitlab-0.34.30.jar;C:\Users\ivc17247adm\.m2\repository\com\vladsch\flexmark\flexmark-ext-jekyll-front-matter\0.34.30\flexmark-ext-jekyll-front-matter-0.34.30.jar;C:\Users\ivc17247adm\.m2\repository\com\vladsch\flexmark\flexmark-ext-jekyll-tag\0.34.30\flexmark-ext-jekyll-tag-0.34.30.jar;C:\Users\ivc17247adm\.m2\repository\com\vladsch\flexmark\flexmark-ext-media-tags\0.34.30\flexmark-ext-media-tags-0.34.30.jar;C:\Users\ivc17247adm\.m2\repository\com\vladsch\flexmark\flexmark-test-util\0.34.30\flexmark-test-util-0.34.30.jar;C:\Users\ivc17247adm\.m2\repository\com\vladsch\flexmark\flexmark-ext-ins\0.34.30\flexmark-ext-ins-0.34.30.jar;C:\Users\ivc17247adm\.m2\repository\com\vladsch\flexmark\flexmark-ext-xwiki-macros\0.34.30\flexmark-ext-xwiki-macros-0.34.30.jar;C:\Users\ivc17247adm\.m2\repository\com\vladsch\flexmark\flexmark-ext-superscript\0.34.30\flexmark-ext-superscript-0.34.30.jar;C:\Users\ivc17247adm\.m2\repository\com\vladsch\flexmark\flexmark-ext-tables\0.34.30\flexmark-ext-tables-0.34.30.jar;C:\Users\ivc17247adm\.m2\repository\com\vladsch\flexmark\flexmark-ext-toc\0.34.30\flexmark-ext-toc-0.34.30.jar;C:\Users\ivc17247adm\.m2\repository\com\vladsch\flexmark\flexmark-ext-typographic\0.34.30\flexmark-ext-typographic-0.34.30.jar;C:\Users\ivc17247adm\.m2\repository\com\vladsch\flexmark\flexmark-ext-wikilink\0.34.30\flexmark-ext-wikilink-0.34.30.jar;C:\Users\ivc17247adm\.m2\repository\com\vladsch\flexmark\flexmark-ext-yaml-front-matter\0.34.30\flexmark-ext-yaml-front-matter-0.34.30.jar;C:\Users\ivc17247adm\.m2\repository\com\vladsch\flexmark\flexmark-ext-youtube-embedded\0.34.30\flexmark-ext-youtube-embedded-0.34.30.jar;C:\Users\ivc17247adm\.m2\repository\com\vladsch\flexmark\flexmark-formatter\0.34.30\flexmark-formatter-0.34.30.jar;C:\Users\ivc17247adm\.m2\repository\com\vladsch\flexmark\flexmark-html-parser\0.34.30\flexmark-html-parser-0.34.30.jar;C:\Users\ivc17247adm\.m2\repository\com\vladsch\flexmark\flexmark-jira-converter\0.34.30\flexmark-jira-converter-0.34.30.jar;C:\Users\ivc17247adm\.m2\repository\com\vladsch\flexmark\flexmark-pdf-converter\0.34.30\flexmark-pdf-converter-0.34.30.jar;C:\Users\ivc17247adm\.m2\repository\com\openhtmltopdf\openhtmltopdf-core\0.0.1-RC13\openhtmltopdf-core-0.0.1-RC13.jar;C:\Users\ivc17247adm\.m2\repository\com\openhtmltopdf\openhtmltopdf-pdfbox\0.0.1-RC13\openhtmltopdf-pdfbox-0.0.1-RC13.jar;C:\Users\ivc17247adm\.m2\repository\org\apache\pdfbox\pdfbox\2.0.8\pdfbox-2.0.8.jar;C:\Users\ivc17247adm\.m2\repository\org\apache\pdfbox\fontbox\2.0.8\fontbox-2.0.8.jar;C:\Users\ivc17247adm\.m2\repository\org\apache\pdfbox\xmpbox\2.0.8\xmpbox-2.0.8.jar;C:\Users\ivc17247adm\.m2\repository\de\rototor\pdfbox\graphics2d\0.12\graphics2d-0.12.jar;C:\Users\ivc17247adm\.m2\repository\com\openhtmltopdf\openhtmltopdf-rtl-support\0.0.1-RC13\openhtmltopdf-rtl-support-0.0.1-RC13.jar;C:\Users\ivc17247adm\.m2\repository\com\ibm\icu\icu4j\59.1\icu4j-59.1.jar;C:\Users\ivc17247adm\.m2\repository\com\openhtmltopdf\openhtmltopdf-jsoup-dom-converter\0.0.1-RC13\openhtmltopdf-jsoup-dom-converter-0.0.1-RC13.jar;C:\Users\ivc17247adm\.m2\repository\com\vladsch\flexmark\flexmark-profile-pegdown\0.34.30\flexmark-profile-pegdown-0.34.30.jar;C:\Users\ivc17247adm\.m2\repository\com\vladsch\flexmark\flexmark-util\0.34.30\flexmark-util-0.34.30.jar;C:\Users\ivc17247adm\.m2\repository\com\vladsch\flexmark\flexmark-youtrack-converter\0.34.30\flexmark-youtrack-converter-0.34.30.jar;C:\Users\ivc17247adm\.m2\repository\io\cucumber\cucumber-java\4.2.0\cucumber-java-4.2.0.jar;C:\Users\ivc17247adm\.m2\repository\io\cucumber\cucumber-core\4.2.0\cucumber-core-4.2.0.jar;C:\Users\ivc17247adm\.m2\repository\io\cucumber\cucumber-html\0.2.7\cucumber-html-0.2.7.jar;C:\Users\ivc17247adm\.m2\repository\io\cucumber\gherkin\5.1.0\gherkin-5.1.0.jar;C:\Users\ivc17247adm\.m2\repository\io\cucumber\tag-expressions\1.1.1\tag-expressions-1.1.1.jar;C:\Users\ivc17247adm\.m2\repository\io\cucumber\cucumber-expressions\6.2.0\cucumber-expressions-6.2.0.jar;C:\Users\ivc17247adm\.m2\repository\io\cucumber\datatable\1.1.7\datatable-1.1.7.jar;C:\Users\ivc17247adm\.m2\repository\io\cucumber\datatable-dependencies\1.1.7\datatable-dependencies-1.1.7.jar;C:\Users\ivc17247adm\.m2\repository\com\github\fslev\json-compare\1.1.0\json-compare-1.1.0.jar;C:\Users\ivc17247adm\.m2\repository\com\googlecode\json-simple\json-simple\1.1.1\json-simple-1.1.1.jar;C:\Users\ivc17247adm\.m2\repository\io\cucumber\cucumber-junit\4.2.0\cucumber-junit-4.2.0.jar;C:\Users\ivc17247adm\.m2\repository\net\serenity-bdd\serenity-junit\2.0.49\serenity-junit-2.0.49.jar;C:\Users\ivc17247adm\.m2\repository\net\serenity-bdd\serenity-rest-assured\2.0.49\serenity-rest-assured-2.0.49.jar;C:\Users\ivc17247adm\.m2\repository\io\rest-assured\rest-assured\3.3.0\rest-assured-3.3.0.jar;C:\Users\ivc17247adm\.m2\repository\org\ccil\cowan\tagsoup\tagsoup\1.2.1\tagsoup-1.2.1.jar;C:\Users\ivc17247adm\.m2\repository\io\rest-assured\json-path\3.3.0\json-path-3.3.0.jar;C:\Users\ivc17247adm\.m2\repository\io\rest-assured\rest-assured-common\3.3.0\rest-assured-common-3.3.0.jar;C:\Users\ivc17247adm\.m2\repository\io\rest-assured\xml-path\3.3.0\xml-path-3.3.0.jar;C:\Users\ivc17247adm\.m2\repository\com\sun\xml\bind\jaxb-osgi\2.2.10\jaxb-osgi-2.2.10.jar;C:\Users\ivc17247adm\.m2\repository\org\apache\sling\org.apache.sling.javax.activation\0.1.0\org.apache.sling.javax.activation-0.1.0.jar;C:\Users\ivc17247adm\.m2\repository\org\codehaus\groovy\groovy-xml\2.5.5\groovy-xml-2.5.5.jar;C:\Users\ivc17247adm\.m2\repository\org\codehaus\groovy\groovy-json\2.5.5\groovy-json-2.5.5.jar;C:\Users\ivc17247adm\.m2\repository\net\serenity-bdd\serenity-cucumber4\1.0.12\serenity-cucumber4-1.0.12.jar;C:\Users\ivc17247adm\.m2\repository\net\serenity-bdd\serenity-screenplay\2.0.48\serenity-screenplay-2.0.48.jar;C:\Users\ivc17247adm\.m2\repository\uk\com\robust-it\cloning\1.9.10\cloning-1.9.10.jar;C:\Users\ivc17247adm\.m2\repository\net\serenity-bdd\serenity-screenplay-webdriver\2.0.48\serenity-screenplay-webdriver-2.0.48.jar;C:\Users\ivc17247adm\.m2\repository\io\cucumber\datatable-matchers\1.1.7\datatable-matchers-1.1.7.jar;C:\Users\ivc17247adm\.m2\repository\org\apache\commons\commons-csv\1.5\commons-csv-1.5.jar;C:\Users\ivc17247adm\.m2\repository\net\serenity-bdd\serenity-cucumber\1.0.2\serenity-cucumber-1.0.2.jar;C:\Users\ivc17247adm\.m2\repository\net\serenity-bdd\core\1.0.6\core-1.0.6.jar;C:\Users\ivc17247adm\.m2\repository\com\fasterxml\jackson\datatype\jackson-datatype-joda\2.4.3\jackson-datatype-joda-2.4.3.jar;C:\Users\ivc17247adm\.m2\repository\com\fasterxml\jackson\datatype\jackson-datatype-guava\2.4.3\jackson-datatype-guava-2.4.3.jar;C:\Users\ivc17247adm\.m2\repository\com\opera\operadriver\1.5\operadriver-1.5.jar;C:\Users\ivc17247adm\.m2\repository\com\opera\operalaunchers\1.1\operalaunchers-1.1.jar;C:\Users\ivc17247adm\.m2\repository\com\google\protobuf\protobuf-java\2.4.1\protobuf-java-2.4.1.jar;C:\Users\ivc17247adm\.m2\repository\commons-jxpath\commons-jxpath\1.3\commons-jxpath-1.3.jar;C:\Users\ivc17247adm\.m2\repository\org\ini4j\ini4j\0.5.2\ini4j-0.5.2.jar;C:\Users\ivc17247adm\.m2\repository\com\github\detro\phantomjsdriver\1.2.0\phantomjsdriver-1.2.0.jar;C:\Users\ivc17247adm\.m2\repository\com\googlecode\lambdaj\lambdaj\2.3.3\lambdaj-2.3.3.jar;C:\Users\ivc17247adm\.m2\repository\net\sf\flexjson\flexjson\2.1\flexjson-2.1.jar;C:\Users\ivc17247adm\.m2\repository\asm\asm\3.3.1\asm-3.3.1.jar;C:\Users\ivc17247adm\.m2\repository\org\springframework\spring-test\3.2.3.RELEASE\spring-test-3.2.3.RELEASE.jar;C:\Users\ivc17247adm\.m2\repository\org\asciidoctor\asciidoctor-java-integration\0.1.3\asciidoctor-java-integration-0.1.3.jar;C:\Users\ivc17247adm\.m2\repository\org\hibernate\hibernate-validator\5.1.1.Final\hibernate-validator-5.1.1.Final.jar;C:\Users\ivc17247adm\.m2\repository\javax\validation\validation-api\1.1.0.Final\validation-api-1.1.0.Final.jar;C:\Users\ivc17247adm\.m2\repository\org\jboss\logging\jboss-logging\3.1.3.GA\jboss-logging-3.1.3.GA.jar;C:\Users\ivc17247adm\.m2\repository\com\fasterxml\classmate\1.0.0\classmate-1.0.0.jar;C:\Users\ivc17247adm\.m2\repository\info\cukes\cucumber-java\1.2.0\cucumber-java-1.2.0.jar;C:\Users\ivc17247adm\.m2\repository\info\cukes\cucumber-core\1.2.0\cucumber-core-1.2.0.jar;C:\Users\ivc17247adm\.m2\repository\info\cukes\cucumber-html\0.2.3\cucumber-html-0.2.3.jar;C:\Users\ivc17247adm\.m2\repository\info\cukes\cucumber-jvm-deps\1.0.3\cucumber-jvm-deps-1.0.3.jar;C:\Users\ivc17247adm\.m2\repository\info\cukes\gherkin\2.12.2\gherkin-2.12.2.jar;C:\Users\ivc17247adm\.m2\repository\info\cukes\cucumber-junit\1.2.0\cucumber-junit-1.2.0.jar;C:\Users\ivc17247adm\.m2\repository\org\reflections\reflections\0.9.8\reflections-0.9.8.jar;C:\Users\ivc17247adm\.m2\repository\javassist\javassist\3.12.1.GA\javassist-3.12.1.GA.jar;C:\Users\ivc17247adm\.m2\repository\dom4j\dom4j\1.6.1\dom4j-1.6.1.jar;C:\Users\ivc17247adm\.m2\repository\junit\junit\4.12\junit-4.12.jar;C:\Users\ivc17247adm\.m2\repository\org\assertj\assertj-core\3.6.2\assertj-core-3.6.2.jar;C:\Users\ivc17247adm\.m2\repository\org\hamcrest\hamcrest-all\1.3\hamcrest-all-1.3.jar;C:\Users\ivc17247adm\.m2\repository\org\skyscreamer\jsonassert\1.5.0\jsonassert-1.5.0.jar;C:\Users\ivc17247adm\.m2\repository\com\vaadin\external\google\android-json\0.0.20131108.vaadin1\android-json-0.0.20131108.vaadin1.jar;C:\Users\ivc17247adm\.m2\repository\org\projectlombok\lombok\1.16.16\lombok-1.16.16.jar;C:\Users\ivc17247adm\.m2\repository\com\github\kvnxiao\jsonequals\1.0.1\jsonequals-1.0.1.jar;C:\Users\ivc17247adm\.m2\repository\me\doubledutch\lazyjson\1.3.0\lazyjson-1.3.0.jar;"/>
    <property name="sun.cpu.endian" value="little"/>
    <property name="user.home" value="C:\Users\ivc17247adm"/>
    <property name="user.language" value="en"/>
    <property name="java.specification.vendor" value="Oracle Corporation"/>
    <property name="java.home" value="C:\Program Files\Java\jdk1.8.0_231\jre"/>
    <property name="basedir" value="C:\Users\ivc17247adm\Documents\Documentation shared\SerenityApiDemo (2)\SerenityApiDemo\SerenityApiDemo"/>
    <property name="file.separator" value="\"/>
    <property name="line.separator" value="&#10;"/>
    <property name="idea.version2019.2.4" value="true"/>
    <property name="java.vm.specification.vendor" value="Oracle Corporation"/>
    <property name="java.specification.name" value="Java Platform API Specification"/>
    <property name="java.awt.graphicsenv" value="sun.awt.Win32GraphicsEnvironment"/>
    <property name="surefire.real.class.path" value="C:\Users\IVC172~1\AppData\Local\Temp\surefire3223585150809191600\surefirebooter5814235356130080399.jar"/>
    <property name="sun.boot.class.path" value="C:\Program Files\Java\jdk1.8.0_231\jre\lib\resources.jar;C:\Program Files\Java\jdk1.8.0_231\jre\lib\rt.jar;C:\Program Files\Java\jdk1.8.0_231\jre\lib\sunrsasign.jar;C:\Program Files\Java\jdk1.8.0_231\jre\lib\jsse.jar;C:\Program Files\Java\jdk1.8.0_231\jre\lib\jce.jar;C:\Program Files\Java\jdk1.8.0_231\jre\lib\charsets.jar;C:\Program Files\Java\jdk1.8.0_231\jre\lib\jfr.jar;C:\Program Files\Java\jdk1.8.0_231\jre\classes"/>
    <property name="user.script" value=""/>
    <property name="sun.management.compiler" value="HotSpot 64-Bit Tiered Compilers"/>
    <property name="java.runtime.version" value="1.8.0_231-b11"/>
    <property name="user.name" value="ivc17247adm"/>
    <property name="path.separator" value=";"/>
    <property name="os.version" value="10.0"/>
    <property name="java.endorsed.dirs" value="C:\Program Files\Java\jdk1.8.0_231\jre\lib\endorsed"/>
    <property name="java.runtime.name" value="Java(TM) SE Runtime Environment"/>
    <property name="file.encoding" value="Cp1252"/>
    <property name="webdriver.base.url" value=""/>
    <property name="java.vm.name" value="Java HotSpot(TM) 64-Bit Server VM"/>
    <property name="localRepository" value="C:\Users\ivc17247adm\.m2\repository"/>
    <property name="java.vendor.url.bug" value="http://bugreport.sun.com/bugreport/"/>
    <property name="java.io.tmpdir" value="C:\Users\IVC172~1\AppData\Local\Temp\"/>
    <property name="java.version" value="1.8.0_231"/>
    <property name="user.dir" value="C:\Users\ivc17247adm\Documents\Documentation shared\SerenityApiDemo (2)\SerenityApiDemo\SerenityApiDemo"/>
    <property name="os.arch" value="amd64"/>
    <property name="java.vm.specification.name" value="Java Virtual Machine Specification"/>
    <property name="java.awt.printerjob" value="sun.awt.windows.WPrinterJob"/>
    <property name="sun.os.patch.level" value=""/>
    <property name="java.library.path" value="C:\Program Files\Java\jdk1.8.0_231\jre\bin;C:\Windows\Sun\Java\bin;C:\Windows\system32;C:\Windows;C:\Python27\;C:\Python27\Scripts;C:\Program Files\Java\jdk1.8.0_231\bin;C:\Program Files\nodejs\;C:\ProgramData\chocolatey\bin;C:\Program Files\Git\cmd;C:\Users\ivc17247adm\AppData\Local\Microsoft\WindowsApps;;C:\Program Files\JetBrains\IntelliJ IDEA 2019.2.4\bin;;C:\Program Files\JetBrains\IntelliJ IDEA Community Edition 2019.2.4\bin;;C:\Users\ivc17247adm\AppData\Roaming\npm;."/>
    <property name="java.vm.info" value="mixed mode"/>
    <property name="java.vendor" value="Oracle Corporation"/>
    <property name="java.vm.version" value="25.231-b11"/>
    <property name="java.ext.dirs" value="C:\Program Files\Java\jdk1.8.0_231\jre\lib\ext;C:\Windows\Sun\Java\lib\ext"/>
    <property name="sun.io.unicode.encoding" value="UnicodeLittle"/>
    <property name="java.class.version" value="52.0"/>
  </properties>
  <testcase name="Test01" classname="com.SerenityApiDemo.junit.employeeInfo.SerenityBaseFileResponseTest" time="3.655">
    <error message="C:\Users\PALAEM\Desktop\SerenityApiDemo\SerenityApiDemo\GetAvailablePlans_baseSerenity.txt (The system cannot find the path specified)" type="java.io.FileNotFoundException">java.io.FileNotFoundException: C:\Users\PALAEM\Desktop\SerenityApiDemo\SerenityApiDemo\GetAvailablePlans_baseSerenity.txt (The system cannot find the path specified)
	at com.SerenityApiDemo.junit.employeeInfo.SerenityBaseFileResponseTest.Test01(SerenityBaseFileResponseTest.java:44)
</error>
    <system-out><![CDATA[13:19:50.228 [main] DEBUG net.thucydides.core.util.PropertiesFileLocalPreferences - LOADING LOCAL PROPERTIES FROM C:\Users\ivc17247adm\Documents\Documentation shared\SerenityApiDemo (2)\SerenityApiDemo\SerenityApiDemo\serenity.properties 
13:19:50.275 [main] DEBUG net.thucydides.core.util.PropertiesFileLocalPreferences - LOADING LOCAL PROPERTIES FROM C:\Users\ivc17247adm\Documents\Documentation shared\SerenityApiDemo (2)\SerenityApiDemo\SerenityApiDemo\serenity.properties 
13:19:50.275 [main] DEBUG net.thucydides.core.util.PropertiesFileLocalPreferences - LOADING LOCAL PROPERTIES FROM C:\Users\ivc17247adm\Documents\Documentation shared\SerenityApiDemo (2)\SerenityApiDemo\SerenityApiDemo\serenity.properties 
13:19:50.275 [main] DEBUG net.thucydides.core.util.PropertiesFileLocalPreferences - serenity.compromised.on=java.io.FileNotFoundException
13:19:50.275 [main] DEBUG net.thucydides.core.util.PropertiesFileLocalPreferences - serenity.test.root=com.SerenityApiDemo.junit
13:19:50.275 [main] DEBUG net.thucydides.core.util.PropertiesFileLocalPreferences - serenity.project.name=SerenityApiDemo 
13:19:50.291 [main] DEBUG net.thucydides.core.util.PropertiesFileLocalPreferences - LOADING LOCAL PROPERTIES FROM C:\Users\ivc17247adm\Documents\Documentation shared\SerenityApiDemo (2)\SerenityApiDemo\SerenityApiDemo\serenity.properties 
13:19:50.291 [main] DEBUG net.thucydides.core.util.PropertiesFileLocalPreferences - LOADING LOCAL PROPERTIES FROM C:\Users\ivc17247adm\Documents\Documentation shared\SerenityApiDemo (2)\SerenityApiDemo\SerenityApiDemo\serenity.properties 
13:19:50.291 [main] DEBUG net.thucydides.core.util.PropertiesFileLocalPreferences - LOADING LOCAL PROPERTIES FROM C:\Users\ivc17247adm\Documents\Documentation shared\SerenityApiDemo (2)\SerenityApiDemo\SerenityApiDemo\serenity.properties 
13:19:50.291 [main] DEBUG net.thucydides.core.util.PropertiesFileLocalPreferences - serenity.compromised.on=java.io.FileNotFoundException
13:19:50.291 [main] DEBUG net.thucydides.core.util.PropertiesFileLocalPreferences - serenity.test.root=com.SerenityApiDemo.junit
13:19:50.291 [main] DEBUG net.thucydides.core.util.PropertiesFileLocalPreferences - serenity.project.name=SerenityApiDemo 
13:19:50.577 [pool-1-thread-1] INFO net.thucydides.core.steps.ConsoleLoggingListener - 

-------------------------------------------------------------------------------------
     _______. _______ .______       _______ .__   __.  __  .___________.____    ____ 
    /       ||   ____||   _  \     |   ____||  \ |  | |  | |           |\   \  /   / 
   |   (----`|  |__   |  |_)  |    |  |__   |   \|  | |  | `---|  |----` \   \/   /  
    \   \    |   __|  |      /     |   __|  |  . `  | |  |     |  |       \_    _/   
.----)   |   |  |____ |  |\  \----.|  |____ |  |\   | |  |     |  |         |  |     
|_______/    |_______|| _| `._____||_______||__| \__| |__|     |__|         |__|    
                                                                                     
 News and tutorials at http://www.serenity-bdd.info                                  
 Documentation at https://wakaleo.gitbooks.io/the-serenity-book/content/             
 Join the Serenity Community on Rocket Chat at https://serenity-bdd.rocket.chat      
 Serenity BDD Support and Training at http://serenity-bdd.info/#/trainingandsupport  
 Learn Serenity BDD online at http://serenity-dojo.com                               
-------------------------------------------------------------------------------------

13:19:54.279 [pool-1-thread-1] DEBUG net.thucydides.core.requirements.RootDirectory - Resource directories found in C:\Users\ivc17247adm\Documents\Documentation shared\SerenityApiDemo (2)\SerenityApiDemo\SerenityApiDemo in 15 ms: [C:\Users\ivc17247adm\Documents\Documentation shared\SerenityApiDemo (2)\SerenityApiDemo\SerenityApiDemo\src\test\resources]
13:19:54.279 [pool-1-thread-1] INFO net.thucydides.core.requirements.PackageRequirementsTagProvider - Loading requirements from package requirements at: com.SerenityApiDemo.junit
13:19:54.654 [pool-1-thread-1] ERROR net.thucydides.core.steps.ConsoleLoggingListener - 
         __  _____ _____ ____ _____ 
 _      / / |_   _| ____/ ___|_   _|
(_)____| |    | | |  _| \___ \ | |  
 |_____| |    | | | |___ ___) || |  
(_)    | |    |_| |_____|____/ |_|  
        \_\                         
  ____ ___  __  __ ____  ____   ___  __  __ ___ ____  _____ ____  
 / ___/ _ \|  \/  |  _ \|  _ \ / _ \|  \/  |_ _/ ___|| ____|  _ \ 
| |  | | | | |\/| | |_) | |_) | | | | |\/| || |\___ \|  _| | | | |
| |__| |_| | |  | |  __/|  _ <| |_| | |  | || | ___) | |___| |_| |
 \____\___/|_|  |_|_|   |_| \_\\___/|_|  |_|___|____/|_____|____/

TEST COMPROMISED: Get available plans base response capture
-------------------------------------
13:19:54.654 [pool-1-thread-1] DEBUG net.thucydides.core.steps.ConsoleLoggingListener - RELATED ISSUES: 
13:19:54.717 [pool-1-thread-1] ERROR net.thucydides.core.steps.ConsoleLoggingListener - TEST FAILED AT STEP POST
13:19:54.717 [pool-1-thread-1] ERROR net.thucydides.core.steps.ConsoleLoggingListener - Some exception during recording fields
13:19:54.717 [pool-1-thread-1] DEBUG net.thucydides.core.reports.ReportService - Reporting formats: [JSON, HTML]
13:19:54.779 [pool-1-thread-1] DEBUG net.thucydides.core.reports.ReportService - Reporting formats: [JSON, HTML]
13:19:54.779 [pool-1-thread-1] DEBUG net.thucydides.core.reports.ReportService - Generating reports for 1 test outcomes using: net.thucydides.core.reports.json.JSONTestOutcomeReporter@163277d9
13:19:54.779 [pool-1-thread-1] DEBUG net.thucydides.core.reports.junit.JUnitXMLOutcomeReporter - GENERATING JUNIT REPORTS
13:19:54.779 [pool-1-thread-1] DEBUG net.thucydides.core.reports.ReportService - Processing test outcome Serenity base file response test:Test01
13:19:54.779 [pool-1-thread-1] DEBUG net.thucydides.core.reports.ReportService - net.thucydides.core.reports.json.JSONTestOutcomeReporter@163277d9: Generating report for test outcome: Serenity base file response test:Test01
13:19:54.795 [pool-1-thread-1] DEBUG net.thucydides.core.reports.json.JSONTestOutcomeReporter - Generating JSON report for Get available plans base response capture to file C:\Users\ivc17247adm\Documents\Documentation shared\SerenityApiDemo (2)\SerenityApiDemo\SerenityApiDemo\target\site\serenity\60d6776ac796d43d0386815f9e0c4d77bf78e16ca7e113ce5ae80599a87641aa.json (using temp file C:\Users\ivc17247adm\Documents\Documentation shared\SerenityApiDemo (2)\SerenityApiDemo\SerenityApiDemo\target\site\serenity\60d6776ac796d43d0386815f9e0c4d77bf78e16ca7e113ce5ae80599a87641aa.json8990075b-47f7-4c43-90ce-022c29160237)
13:19:54.873 [pool-1-thread-1] DEBUG net.thucydides.core.reports.ReportService - Processing test outcome Serenity base file response test:Test01 done
13:19:54.982 [pool-1-thread-1] DEBUG net.thucydides.core.reports.ReportService - Shutting down executor service
13:19:54.982 [pool-1-thread-1] DEBUG net.thucydides.core.reports.ReportService - Reports generated in: 203 ms
13:19:54.982 [pool-1-thread-1] DEBUG net.thucydides.core.reports.ReportService - Generating reports for 1 test outcomes using: net.thucydides.core.reports.html.HtmlAcceptanceTestReporter@5120556c
13:19:54.982 [pool-1-thread-1] DEBUG net.thucydides.core.reports.junit.JUnitXMLOutcomeReporter - GENERATING JUNIT REPORTS
13:19:54.982 [pool-2-thread-1] DEBUG net.thucydides.core.reports.ReportService - Processing test outcome Serenity base file response test:Test01
13:19:54.982 [pool-2-thread-1] DEBUG net.thucydides.core.reports.ReportService - net.thucydides.core.reports.html.HtmlAcceptanceTestReporter@5120556c: Generating report for test outcome: Serenity base file response test:Test01
13:19:54.982 [pool-2-thread-1] DEBUG net.thucydides.core.reports.html.HtmlAcceptanceTestReporter - GENERATE TEST OUTCOME REPORT FOR Test01 in 60d6776ac796d43d0386815f9e0c4d77bf78e16ca7e113ce5ae80599a87641aa
13:19:54.982 [pool-2-thread-1] INFO net.thucydides.core.requirements.PackageRequirementsTagProvider - Loading requirements from package requirements at: com.SerenityApiDemo.junit
13:19:55.263 [pool-2-thread-1] DEBUG net.thucydides.core.requirements.RequirementsTagProvider -  found:[Requirement{name='Employee info', type='feature' parent = 'null', cardNumber='null'}]
13:19:55.279 [pool-2-thread-1] DEBUG net.thucydides.core.requirements.BaseRequirementsService - Requirement found for test outcome Get available plans base response capture-[]: Optional[Requirement{name='Serenity base file response test', type='story' parent = 'Employee info', cardNumber='null'}]
13:19:55.279 [pool-2-thread-1] DEBUG net.thucydides.core.requirements.BaseRequirementsService - Requirement found for test outcome Get available plans base response capture-[]: Optional[Requirement{name='Serenity base file response test', type='story' parent = 'Employee info', cardNumber='null'}]
13:19:55.342 [pool-2-thread-1] DEBUG net.thucydides.core.reports.html.HtmlAcceptanceTestReporter - GENERATING HTML REPORT FOR Serenity base file response test:Test01 in 60d6776ac796d43d0386815f9e0c4d77bf78e16ca7e113ce5ae80599a87641aa.html in directory target\site\serenity  
13:19:55.685 [pool-2-thread-1] DEBUG net.thucydides.core.reports.html.HtmlAcceptanceTestReporter - Generating report in 60d6776ac796d43d0386815f9e0c4d77bf78e16ca7e113ce5ae80599a87641aa.html
13:19:55.966 [pool-2-thread-1] DEBUG net.thucydides.core.reports.html.HtmlAcceptanceTestReporter - Generated report 60d6776ac796d43d0386815f9e0c4d77bf78e16ca7e113ce5ae80599a87641aa.html in 281 ms
13:19:55.966 [pool-2-thread-1] DEBUG net.thucydides.core.reports.ReportService - Processing test outcome Serenity base file response test:Test01 done
13:19:55.966 [pool-1-thread-1] DEBUG net.thucydides.core.reports.ReportService - Shutting down executor service
13:19:55.982 [pool-1-thread-1] DEBUG net.thucydides.core.reports.ReportService - Reports generated in: 1000 ms
13:19:55.982 [pool-1-thread-1] DEBUG net.thucydides.core.reports.ReportService - Generating report for configuration
13:19:50.593 [pool-1-thread-1] DEBUG net.thucydides.core.steps.StepEventBus - Test suite started for class com.SerenityApiDemo.junit.employeeInfo.SerenityBaseFileResponseTest
13:19:50.608 [pool-1-thread-1] INFO net.thucydides.core.steps.ConsoleLoggingListener - Test Suite Started: Serenity base file response test
13:19:50.640 [pool-1-thread-1] DEBUG net.thucydides.core.requirements.RootDirectory - Resource directories found in  in 0 ms: [src\test\resources]
13:19:51.093 [pool-1-thread-1] DEBUG net.thucydides.core.model.featuretags.StoryFileStrategy - Story name for employeeInfo => TestTag{name='Employee info/Serenity base file response test', type='story'}
13:19:51.093 [pool-1-thread-1] INFO net.thucydides.core.steps.ConsoleLoggingListener - 
 _____ _____ ____ _____   ____ _____  _    ____ _____ _____ ____  
|_   _| ____/ ___|_   _| / ___|_   _|/ \  |  _ \_   _| ____|  _ \ 
  | | |  _| \___ \ | |   \___ \ | | / _ \ | |_) || | |  _| | | | |
  | | | |___ ___) || |    ___) || |/ ___ \|  _ < | | | |___| |_| |
  |_| |_____|____/ |_|   |____/ |_/_/   \_\_| \_\|_| |_____|____/ 
                                                                  

TEST STARTED: Test01
-------------------------------------------------------------------
13:19:51.093 [pool-1-thread-1] INFO net.serenitybdd.core.Serenity - TEST NUMBER: 1
13:19:54.170 [pool-1-thread-1] DEBUG org.apache.http.impl.conn.BasicClientConnectionManager - Get connection for route {s}->https://c1-k8s-go0v.aws-us-west-2-green.kube-np.ebiz.verizon.com:443
13:19:54.232 [pool-1-thread-1] DEBUG org.apache.http.impl.conn.DefaultClientConnection - Connection org.apache.http.impl.conn.DefaultClientConnection@2ebd6df4 closed
13:19:54.232 [pool-1-thread-1] DEBUG org.apache.http.impl.conn.DefaultClientConnection - Connection org.apache.http.impl.conn.DefaultClientConnection@2ebd6df4 shut down
13:19:54.232 [pool-1-thread-1] DEBUG org.apache.http.impl.conn.BasicClientConnectionManager - Releasing connection org.apache.http.impl.conn.ManagedClientConnectionImpl@662516ac
]]></system-out>
  </testcase>
</testsuite>